0 info it worked if it ends with ok
1 verbose cli [ '/usr/bin/node', '/usr/bin/npm', 'install', 'http-server', '-g' ]
2 info using npm@1.4.28
3 info using node@v0.10.32
4 verbose node symlink /usr/bin/node
5 verbose cache add [ 'http-server', null ]
6 verbose cache add name=undefined spec="http-server" args=["http-server",null]
7 verbose parsed url { protocol: null,
7 verbose parsed url   slashes: null,
7 verbose parsed url   auth: null,
7 verbose parsed url   host: null,
7 verbose parsed url   port: null,
7 verbose parsed url   hostname: null,
7 verbose parsed url   hash: null,
7 verbose parsed url   search: null,
7 verbose parsed url   query: null,
7 verbose parsed url   pathname: 'http-server',
7 verbose parsed url   path: 'http-server',
7 verbose parsed url   href: 'http-server' }
8 silly lockFile ed608307-http-server http-server
9 verbose lock http-server /home/ashiq/.npm/ed608307-http-server.lock
10 silly lockFile ed608307-http-server http-server
11 silly lockFile ed608307-http-server http-server
12 verbose addNamed [ 'http-server', '' ]
13 verbose addNamed [ null, '*' ]
14 silly lockFile 550353c6-http-server http-server@
15 verbose lock http-server@ /home/ashiq/.npm/550353c6-http-server.lock
16 silly addNameRange { name: 'http-server', range: '*', hasData: false }
17 verbose request where is /http-server
18 verbose request registry https://registry.npmjs.org/
19 verbose request id 40fe861475bc5d88
20 verbose url raw /http-server
21 verbose url resolving [ 'https://registry.npmjs.org/', './http-server' ]
22 verbose url resolved https://registry.npmjs.org/http-server
23 verbose request where is https://registry.npmjs.org/http-server
24 info trying registry request attempt 1 at 17:55:01
25 verbose etag "BAIZSQ2SPV2CJ1O12LM3A5XTV"
26 http GET https://registry.npmjs.org/http-server
27 http 304 https://registry.npmjs.org/http-server
28 silly registry.get cb [ 304,
28 silly registry.get   { date: 'Thu, 02 Oct 2014 21:56:00 GMT',
28 silly registry.get     server: 'Apache',
28 silly registry.get     via: '1.1 varnish',
28 silly registry.get     'last-modified': 'Thu, 02 Oct 2014 21:56:00 GMT',
28 silly registry.get     'cache-control': 'max-age=60',
28 silly registry.get     etag: '"BAIZSQ2SPV2CJ1O12LM3A5XTV"',
28 silly registry.get     'x-served-by': 'cache-atl6223-ATL',
28 silly registry.get     'x-cache': 'HIT',
28 silly registry.get     'x-cache-hits': '1',
28 silly registry.get     'x-timer': 'S1412286960.953643,VS0,VE28',
28 silly registry.get     vary: 'Accept',
28 silly registry.get     'content-length': '0',
28 silly registry.get     'keep-alive': 'timeout=10, max=50',
28 silly registry.get     connection: 'Keep-Alive' } ]
29 verbose etag https://registry.npmjs.org/http-server from cache
30 silly addNameRange number 2 { name: 'http-server', range: '*', hasData: true }
31 silly addNameRange versions [ 'http-server',
31 silly addNameRange   [ '0.1.0',
31 silly addNameRange     '0.1.1',
31 silly addNameRange     '0.1.3',
31 silly addNameRange     '0.2.1',
31 silly addNameRange     '0.2.2',
31 silly addNameRange     '0.2.3',
31 silly addNameRange     '0.2.4',
31 silly addNameRange     '0.2.5',
31 silly addNameRange     '0.2.6',
31 silly addNameRange     '0.2.9',
31 silly addNameRange     '0.3.0',
31 silly addNameRange     '0.4.0',
31 silly addNameRange     '0.4.1',
31 silly addNameRange     '0.5.0',
31 silly addNameRange     '0.5.1',
31 silly addNameRange     '0.5.2',
31 silly addNameRange     '0.5.3',
31 silly addNameRange     '0.5.5',
31 silly addNameRange     '0.6.0',
31 silly addNameRange     '0.6.1',
31 silly addNameRange     '0.7.0',
31 silly addNameRange     '0.7.1' ] ]
32 verbose addNamed [ 'http-server', '0.7.1' ]
33 verbose addNamed [ '0.7.1', '0.7.1' ]
34 silly lockFile 0610e940-http-server-0-7-1 http-server@0.7.1
35 verbose lock http-server@0.7.1 /home/ashiq/.npm/0610e940-http-server-0-7-1.lock
36 silly lockFile 0610e940-http-server-0-7-1 http-server@0.7.1
37 silly lockFile 0610e940-http-server-0-7-1 http-server@0.7.1
38 silly lockFile 550353c6-http-server http-server@
39 silly lockFile 550353c6-http-server http-server@
40 silly resolved [ { name: 'http-server',
40 silly resolved     version: '0.7.1',
40 silly resolved     author: { name: 'Nodejitsu', email: 'support@nodejitsu.com' },
40 silly resolved     description: 'a simple zero-configuration command-line http server',
40 silly resolved     main: './lib/http-server',
40 silly resolved     repository:
40 silly resolved      { type: 'git',
40 silly resolved        url: 'git://github.com/nodeapps/http-server.git' },
40 silly resolved     keywords: [ 'cli', 'command' ],
40 silly resolved     scripts:
40 silly resolved      { start: 'node ./bin/http-server',
40 silly resolved        test: 'vows --spec --isolate' },
40 silly resolved     contributors:
40 silly resolved      [ [Object],
40 silly resolved        [Object],
40 silly resolved        [Object],
40 silly resolved        [Object],
40 silly resolved        [Object],
40 silly resolved        [Object],
40 silly resolved        [Object],
40 silly resolved        [Object] ],
40 silly resolved     dependencies:
40 silly resolved      { colors: '0.6.x',
40 silly resolved        optimist: '0.5.x',
40 silly resolved        union: '0.3.x',
40 silly resolved        ecstatic: '0.4.x',
40 silly resolved        portfinder: '0.2.x',
40 silly resolved        opener: '~1.3.0' },
40 silly resolved     devDependencies: { vows: '0.7.x', request: '2.21.x' },
40 silly resolved     bugs: { url: 'https://github.com/nodeapps/http-server/issues' },
40 silly resolved     licenses: [ [Object] ],
40 silly resolved     analyze: false,
40 silly resolved     preferGlobal: 'true',
40 silly resolved     bin: { 'http-server': './bin/http-server' },
40 silly resolved     gitHead: '340e5304a35b858b3ac6f69ea0bfa54979ab3f17',
40 silly resolved     homepage: 'https://github.com/nodeapps/http-server',
40 silly resolved     _id: 'http-server@0.7.1',
40 silly resolved     _shasum: '498de9fb5d23e455402b04d0404a029a55144466',
40 silly resolved     _from: 'http-server@',
40 silly resolved     _npmVersion: '2.0.0-beta.3',
40 silly resolved     _npmUser: { name: 'indexzero', email: 'charlie.robbins@gmail.com' },
40 silly resolved     maintainers: [ [Object], [Object], [Object] ],
40 silly resolved     dist:
40 silly resolved      { shasum: '498de9fb5d23e455402b04d0404a029a55144466',
40 silly resolved        tarball: 'http://registry.npmjs.org/http-server/-/http-server-0.7.1.tgz' },
40 silly resolved     directories: {},
40 silly resolved     _resolved: 'https://registry.npmjs.org/http-server/-/http-server-0.7.1.tgz',
40 silly resolved     readme: 'ERROR: No README data found!' } ]
41 info install http-server@0.7.1 into /usr/lib
42 info installOne http-server@0.7.1
43 verbose lib/node_modules/http-server unbuild
44 verbose tar unpack /home/ashiq/.npm/http-server/0.7.1/package.tgz
45 silly lockFile c4aa20d2-usr-lib-node-modules-http-server tar:///usr/lib/node_modules/http-server
46 verbose lock tar:///usr/lib/node_modules/http-server /home/ashiq/.npm/c4aa20d2-usr-lib-node-modules-http-server.lock
47 silly lockFile 9128ceea-pm-http-server-0-7-1-package-tgz tar:///home/ashiq/.npm/http-server/0.7.1/package.tgz
48 verbose lock tar:///home/ashiq/.npm/http-server/0.7.1/package.tgz /home/ashiq/.npm/9128ceea-pm-http-server-0-7-1-package-tgz.lock
49 silly gunzTarPerm modes [ '775', '664' ]
50 error Error: EACCES, mkdir '/usr/lib/node_modules/http-server'
50 error  { [Error: EACCES, mkdir '/usr/lib/node_modules/http-server']
50 error   errno: 3,
50 error   code: 'EACCES',
50 error   path: '/usr/lib/node_modules/http-server',
50 error   fstream_type: 'Directory',
50 error   fstream_path: '/usr/lib/node_modules/http-server',
50 error   fstream_class: 'DirWriter',
50 error   fstream_stack:
50 error    [ '/usr/lib/node_modules/npm/node_modules/fstream/lib/dir-writer.js:36:23',
50 error      '/usr/lib/node_modules/npm/node_modules/mkdirp/index.js:46:53',
50 error      'Object.oncomplete (fs.js:107:15)' ] }
51 error Please try running this command again as root/Administrator.
52 error System Linux 3.11.0-26-generic
53 error command "/usr/bin/node" "/usr/bin/npm" "install" "http-server" "-g"
54 error cwd /home/ashiq/Dropbox/phaser-tutorial-coffeescript
55 error node -v v0.10.32
56 error npm -v 1.4.28
57 error path /usr/lib/node_modules/http-server
58 error fstream_path /usr/lib/node_modules/http-server
59 error fstream_type Directory
60 error fstream_class DirWriter
61 error code EACCES
62 error errno 3
63 error stack Error: EACCES, mkdir '/usr/lib/node_modules/http-server'
64 error fstream_stack /usr/lib/node_modules/npm/node_modules/fstream/lib/dir-writer.js:36:23
64 error fstream_stack /usr/lib/node_modules/npm/node_modules/mkdirp/index.js:46:53
64 error fstream_stack Object.oncomplete (fs.js:107:15)
65 verbose exit [ 3, true ]
